c:\users\rapha\coding\c++\testprojects\simplesinegenerator\builds\visualstudio2022\x64\debug\app\simplesinegenerator.pdb
c:\users\rapha\coding\c++\testprojects\simplesinegenerator\builds\visualstudio2022\x64\debug\app\include_juce_gui_basics.obj
c:\users\rapha\coding\c++\testprojects\simplesinegenerator\builds\visualstudio2022\x64\debug\app\include_juce_audio_basics.obj
c:\users\rapha\coding\c++\testprojects\simplesinegenerator\builds\visualstudio2022\x64\debug\app\include_juce_audio_utils.obj
c:\users\rapha\coding\c++\testprojects\simplesinegenerator\builds\visualstudio2022\x64\debug\app\audiostream.obj
c:\users\rapha\coding\c++\testprojects\simplesinegenerator\builds\visualstudio2022\x64\debug\app\include_juce_events.obj
c:\users\rapha\coding\c++\testprojects\simplesinegenerator\builds\visualstudio2022\x64\debug\app\include_juce_audio_devices.obj
c:\users\rapha\coding\c++\testprojects\simplesinegenerator\builds\visualstudio2022\x64\debug\app\include_juce_gui_extra.obj
c:\users\rapha\coding\c++\testprojects\simplesinegenerator\builds\visualstudio2022\x64\debug\app\oscillator.obj
c:\users\rapha\coding\c++\testprojects\simplesinegenerator\builds\visualstudio2022\x64\debug\app\include_juce_audio_processors.obj
c:\users\rapha\coding\c++\testprojects\simplesinegenerator\builds\visualstudio2022\x64\debug\app\wavetableoscillator.obj
c:\users\rapha\coding\c++\testprojects\simplesinegenerator\builds\visualstudio2022\x64\debug\app\include_juce_data_structures.obj
c:\users\rapha\coding\c++\testprojects\simplesinegenerator\builds\visualstudio2022\x64\debug\app\main.obj
c:\users\rapha\coding\c++\testprojects\simplesinegenerator\builds\visualstudio2022\x64\debug\app\include_juce_graphics.obj
c:\users\rapha\coding\c++\testprojects\simplesinegenerator\builds\visualstudio2022\x64\debug\app\linsweepgenerator.obj
c:\users\rapha\coding\c++\testprojects\simplesinegenerator\builds\visualstudio2022\x64\debug\app\include_juce_audio_formats.obj
c:\users\rapha\coding\c++\testprojects\simplesinegenerator\builds\visualstudio2022\x64\debug\app\utility.obj
c:\users\rapha\coding\c++\testprojects\simplesinegenerator\builds\visualstudio2022\x64\debug\app\include_juce_core.obj
c:\users\rapha\coding\c++\testprojects\simplesinegenerator\builds\visualstudio2022\x64\debug\app\resources.res
c:\users\rapha\coding\c++\testprojects\simplesinegenerator\builds\visualstudio2022\x64\debug\app\simplesi.bdcb5009.tlog\cl.command.1.tlog
c:\users\rapha\coding\c++\testprojects\simplesinegenerator\builds\visualstudio2022\x64\debug\app\simplesi.bdcb5009.tlog\cl.read.1.tlog
c:\users\rapha\coding\c++\testprojects\simplesinegenerator\builds\visualstudio2022\x64\debug\app\simplesi.bdcb5009.tlog\cl.write.1.tlog
c:\users\rapha\coding\c++\testprojects\simplesinegenerator\builds\visualstudio2022\x64\debug\app\simplesi.bdcb5009.tlog\link-cvtres.read.1.tlog
c:\users\rapha\coding\c++\testprojects\simplesinegenerator\builds\visualstudio2022\x64\debug\app\simplesi.bdcb5009.tlog\link-cvtres.write.1.tlog
c:\users\rapha\coding\c++\testprojects\simplesinegenerator\builds\visualstudio2022\x64\debug\app\simplesi.bdcb5009.tlog\link-rc.read.1.tlog
c:\users\rapha\coding\c++\testprojects\simplesinegenerator\builds\visualstudio2022\x64\debug\app\simplesi.bdcb5009.tlog\link-rc.write.1.tlog
c:\users\rapha\coding\c++\testprojects\simplesinegenerator\builds\visualstudio2022\x64\debug\app\simplesi.bdcb5009.tlog\link.command.1.tlog
c:\users\rapha\coding\c++\testprojects\simplesinegenerator\builds\visualstudio2022\x64\debug\app\simplesi.bdcb5009.tlog\link.read.1.tlog
c:\users\rapha\coding\c++\testprojects\simplesinegenerator\builds\visualstudio2022\x64\debug\app\simplesi.bdcb5009.tlog\link.write.1.tlog
c:\users\rapha\coding\c++\testprojects\simplesinegenerator\builds\visualstudio2022\x64\debug\app\simplesi.bdcb5009.tlog\rc.command.1.tlog
c:\users\rapha\coding\c++\testprojects\simplesinegenerator\builds\visualstudio2022\x64\debug\app\simplesi.bdcb5009.tlog\rc.read.1.tlog
c:\users\rapha\coding\c++\testprojects\simplesinegenerator\builds\visualstudio2022\x64\debug\app\simplesi.bdcb5009.tlog\rc.write.1.tlog
